<?xml version="1.0" encoding="UTF-8"?>
<!-- Generated by org.testng.reporters.JUnitXMLReporter -->
<testsuite hostname="LMKOLPC188" ignored="1" name="sample test" tests="16" failures="0" timestamp="19 Dec 2018 13:08:08 GMT" time="7.55" errors="0">
  <testcase name="TestCase001" time="0.607" classname="com.MHE.Test.MHETest"/>
  <testcase name="TestCase002" time="2.454" classname="com.MHE.Test.MHETest"/>
  <testcase name="TestCase003" time="0.485" classname="com.MHE.Test.MHETest"/>
  <testcase name="TestCase004" time="0.052" classname="com.MHE.Test.MHETest"/>
  <testcase name="TestCase005" time="0.31" classname="com.MHE.Test.MHETest"/>
  <testcase name="TestCase007" time="0.045" classname="com.MHE.Test.MHETest"/>
  <testcase name="TestCase008" time="0.043" classname="com.MHE.Test.MHETest"/>
  <testcase name="TestCase009" time="0.175" classname="com.MHE.Test.MHETest"/>
  <testcase name="TestCase010" time="0.548" classname="com.MHE.Test.MHETest"/>
  <testcase name="TestCase011" time="0.111" classname="com.MHE.Test.MHETest"/>
  <testcase name="TestCase012" time="0.208" classname="com.MHE.Test.MHETest"/>
  <testcase name="TestCase013" time="0.129" classname="com.MHE.Test.MHETest"/>
  <testcase name="TestCase014" time="0.493" classname="com.MHE.Test.MHETest"/>
  <testcase name="TestCase015" time="0.44" classname="com.MHE.Test.MHETest"/>
  <testcase name="TestCase016" time="0.234" classname="com.MHE.Test.MHETest"/>
  <testcase name="TestCase017" time="1.164" classname="com.MHE.Test.MHETest"/>
  <testcase name="@BeforeSuite initialize" time="0.0" classname="com.MHE.Base.BasePage">
    <ignored/>
  </testcase> <!-- @BeforeSuite initialize -->
</testsuite> <!-- sample test -->
