<?xml version="1.0" encoding="UTF-8"?>
<!-- Generated by org.testng.reporters.JUnitXMLReporter -->
<testsuite hostname="LMKOLPC188" ignored="1" name="Test" tests="1" failures="1" timestamp="26 Sep 2018 10:37:28 GMT" time="0.053" errors="0">
  <testcase name="init" time="0.029" classname="com.MHE.Test.MHETest">
    <failure type="java.lang.NullPointerException">
      <![CDATA[java.lang.NullPointerException
at org.openqa.selenium.support.pagefactory.DefaultElementLocator.findElement(DefaultElementLocator.java:69)
at org.openqa.selenium.support.pagefactory.internal.LocatingElementHandler.invoke(LocatingElementHandler.java:38)
at com.sun.proxy.$Proxy6.click(Unknown Source)
at com.MHE.Page_elements.Page_Elements.clickGlobalAudio(Page_Elements.java:70)
at com.MHE.Test.MHETest.init(MHETest.java:20)
... Removed 25 stack frames]]>
    </failure>
  </testcase> <!-- init -->
  <testcase name="@BeforeSuite initialize" time="0.0" classname="com.MHE.Base.BasePage">
    <ignored/>
  </testcase> <!-- @BeforeSuite initialize -->
</testsuite> <!-- Test -->
