<?xml version="1.0" encoding="UTF-8"?>
<!-- Generated by org.testng.reporters.JUnitXMLReporter -->
<testsuite hostname="LMKOLPC188" ignored="1" name="Test" tests="1" failures="1" timestamp="12 Oct 2018 09:22:30 GMT" time="0.062" errors="0">
  <testcase name="checkURL" time="0.032" classname="com.MHE.Test.MHETest">
    <failure type="java.lang.NullPointerException">
      <![CDATA[java.lang.NullPointerException
at org.openqa.selenium.support.pagefactory.DefaultElementLocator.findElement(DefaultElementLocator.java:69)
at org.openqa.selenium.support.pagefactory.internal.LocatingElementHandler.invoke(LocatingElementHandler.java:38)
at com.sun.proxy.$Proxy8.click(Unknown Source)
at com.MHE.Page_elements.Page_Elements.clickGlobalAudio(Page_Elements.java:75)
at com.MHE.Test.MHETest.checkURL(MHETest.java:30)
... Removed 25 stack frames]]>
    </failure>
  </testcase> <!-- checkURL -->
  <testcase name="@BeforeSuite initialize" time="0.0" classname="com.MHE.Base.BasePage">
    <ignored/>
  </testcase> <!-- @BeforeSuite initialize -->
</testsuite> <!-- Test -->
